This is e-pTeX, Version 3.14159265-p3.6-141210-2.6 (utf8.euc) (TeX Live 2015/Debian) (preloaded format=platex 2018.11.19)  27 MAR 2020 21:10
entering extended mode
 restricted \write18 enabled.
 %&-line parsing enabled.
**h
(/usr/share/texlive/texmf-dist/tex/latex/tools/h.tex
pLaTeX2e <2006/11/10> (based on LaTeX2e <2016/02/01> patch level 0)
Babel <3.9n> and hyphenation patterns for 80 languages loaded.

! The file name provided could not be found.
Use `<enter>' to continue processing,
`S' to scroll future errors
`R' to run without stopping,
`Q' to run quietly,
or `X' to terminate TeX
! .
l.45 \errmessage{}
                  
? X
 
Here is how much of TeX's memory you used:
 6 strings out of 493723
 154 string characters out of 6152569
 53726 words of memory out of 5000000
 3644 multiletter control sequences out of 15000+600000
 7511 words of font info for 31 fonts, out of 8000000 for 9000
 929 hyphenation exceptions out of 8191
 5i,0n,1p,81b,8s stack positions out of 5000i,500n,10000p,200000b,80000s
No pages of output.
